<?xml version="1.0" encoding="UTF-8"?>
<testsuite xmlns:xsi="http://www.w3.org/2001/XMLSchema-instance" xsi:noNamespaceSchemaLocation="https://maven.apache.org/surefire/maven-surefire-plugin/xsd/surefire-test-report-3.0.xsd" version="3.0" name="nl.han.ica.oose.dea.spotitube.test.controllertest.LoginControllerTest" time="0.001" tests="2" errors="0" skipped="0" failures="2">
  <properties>
[...]
</properties>
  <testcase name="nl.han.ica.oose.dea.spotitube.test.controllertest.LoginControllerTest.testValidLoginUser" classname="nl.han.ica.oose.dea.spotitube.test.controllertest.LoginControllerTest" time="0">
    <failure type="java.lang.NullPointerException">java.lang.NullPointerException
	at nl.han.ica.oose.dea.spotitube.test.controllertest.LoginControllerTest.testValidLoginUser(LoginControllerTest.java:36)
</failure>
  </testcase>
  <testcase name="nl.han.ica.oose.dea.spotitube.test.controllertest.LoginControllerTest.testInValidLoginUser" classname="nl.han.ica.oose.dea.spotitube.test.controllertest.LoginControllerTest" time="0">
    <failure type="java.lang.NullPointerException">java.lang.NullPointerException
	at nl.han.ica.oose.dea.spotitube.test.controllertest.LoginControllerTest.testInValidLoginUser(LoginControllerTest.java:50)
</failure>
  </testcase>
</testsuite>